<?xml version="1.0" encoding="UTF-8"?>
<testsuite xmlns:xsi="http://www.w3.org/2001/XMLSchema-instance" xsi:noNamespaceSchemaLocation="https://maven.apache.org/surefire/maven-surefire-plugin/xsd/surefire-test-report.xsd" name="com.lanqiao.netdisk.ApplicationTest" time="10.768" tests="4" errors="0" skipped="0" failures="0">
  <properties>
    <property name="sun.desktop" value="windows"/>
    <property name="awt.toolkit" value="sun.awt.windows.WToolkit"/>
    <property name="file.encoding.pkg" value="sun.io"/>
    <property name="java.specification.version" value="1.8"/>
    <property name="sun.cpu.isalist" value="amd64"/>
    <property name="sun.jnu.encoding" value="GBK"/>
    <property name="java.class.path" value="D:\Project\LanqNetdisk\target\test-classes;D:\Project\LanqNetdisk\target\classes;D:\maven_work\repository\org\springframework\boot\spring-boot-starter-web\2.4.1\spring-boot-starter-web-2.4.1.jar;D:\maven_work\repository\org\springframework\boot\spring-boot-starter\2.4.1\spring-boot-starter-2.4.1.jar;D:\maven_work\repository\org\springframework\boot\spring-boot\2.4.1\spring-boot-2.4.1.jar;D:\maven_work\repository\org\springframework\boot\spring-boot-starter-logging\2.4.1\spring-boot-starter-logging-2.4.1.jar;D:\maven_work\repository\ch\qos\logback\logback-classic\1.2.3\logback-classic-1.2.3.jar;D:\maven_work\repository\ch\qos\logback\logback-core\1.2.3\logback-core-1.2.3.jar;D:\maven_work\repository\org\apache\logging\log4j\log4j-to-slf4j\2.13.3\log4j-to-slf4j-2.13.3.jar;D:\maven_work\repository\org\apache\logging\log4j\log4j-api\2.13.3\log4j-api-2.13.3.jar;D:\maven_work\repository\org\slf4j\jul-to-slf4j\1.7.30\jul-to-slf4j-1.7.30.jar;D:\maven_work\repository\jakarta\annotation\jakarta.annotation-api\1.3.5\jakarta.annotation-api-1.3.5.jar;D:\maven_work\repository\org\yaml\snakeyaml\1.27\snakeyaml-1.27.jar;D:\maven_work\repository\org\springframework\boot\spring-boot-starter-json\2.4.1\spring-boot-starter-json-2.4.1.jar;D:\maven_work\repository\com\fasterxml\jackson\datatype\jackson-datatype-jdk8\2.11.3\jackson-datatype-jdk8-2.11.3.jar;D:\maven_work\repository\com\fasterxml\jackson\datatype\jackson-datatype-jsr310\2.11.3\jackson-datatype-jsr310-2.11.3.jar;D:\maven_work\repository\com\fasterxml\jackson\module\jackson-module-parameter-names\2.11.3\jackson-module-parameter-names-2.11.3.jar;D:\maven_work\repository\org\springframework\boot\spring-boot-starter-tomcat\2.4.1\spring-boot-starter-tomcat-2.4.1.jar;D:\maven_work\repository\org\apache\tomcat\embed\tomcat-embed-core\9.0.41\tomcat-embed-core-9.0.41.jar;D:\maven_work\repository\org\glassfish\jakarta.el\3.0.3\jakarta.el-3.0.3.jar;D:\maven_work\repository\org\apache\tomcat\embed\tomcat-embed-websocket\9.0.41\tomcat-embed-websocket-9.0.41.jar;D:\maven_work\repository\org\springframework\spring-web\5.3.2\spring-web-5.3.2.jar;D:\maven_work\repository\org\springframework\spring-beans\5.3.2\spring-beans-5.3.2.jar;D:\maven_work\repository\org\springframework\spring-webmvc\5.3.2\spring-webmvc-5.3.2.jar;D:\maven_work\repository\org\springframework\spring-aop\5.3.2\spring-aop-5.3.2.jar;D:\maven_work\repository\org\springframework\spring-context\5.3.2\spring-context-5.3.2.jar;D:\maven_work\repository\org\springframework\spring-expression\5.3.2\spring-expression-5.3.2.jar;D:\maven_work\repository\org\springframework\boot\spring-boot-starter-test\2.4.1\spring-boot-starter-test-2.4.1.jar;D:\maven_work\repository\org\springframework\boot\spring-boot-test\2.4.1\spring-boot-test-2.4.1.jar;D:\maven_work\repository\org\springframework\boot\spring-boot-test-autoconfigure\2.4.1\spring-boot-test-autoconfigure-2.4.1.jar;D:\maven_work\repository\com\jayway\jsonpath\json-path\2.4.0\json-path-2.4.0.jar;D:\maven_work\repository\net\minidev\json-smart\2.3\json-smart-2.3.jar;D:\maven_work\repository\net\minidev\accessors-smart\1.2\accessors-smart-1.2.jar;D:\maven_work\repository\org\ow2\asm\asm\5.0.4\asm-5.0.4.jar;D:\maven_work\repository\org\slf4j\slf4j-api\1.7.30\slf4j-api-1.7.30.jar;D:\maven_work\repository\jakarta\xml\bind\jakarta.xml.bind-api\2.3.3\jakarta.xml.bind-api-2.3.3.jar;D:\maven_work\repository\jakarta\activation\jakarta.activation-api\1.2.2\jakarta.activation-api-1.2.2.jar;D:\maven_work\repository\org\assertj\assertj-core\3.18.1\assertj-core-3.18.1.jar;D:\maven_work\repository\org\hamcrest\hamcrest\2.2\hamcrest-2.2.jar;D:\maven_work\repository\org\junit\jupiter\junit-jupiter\5.7.0\junit-jupiter-5.7.0.jar;D:\maven_work\repository\org\junit\jupiter\junit-jupiter-api\5.7.0\junit-jupiter-api-5.7.0.jar;D:\maven_work\repository\org\apiguardian\apiguardian-api\1.1.0\apiguardian-api-1.1.0.jar;D:\maven_work\repository\org\opentest4j\opentest4j\1.2.0\opentest4j-1.2.0.jar;D:\maven_work\repository\org\junit\platform\junit-platform-commons\1.7.0\junit-platform-commons-1.7.0.jar;D:\maven_work\repository\org\junit\jupiter\junit-jupiter-params\5.7.0\junit-jupiter-params-5.7.0.jar;D:\maven_work\repository\org\junit\jupiter\junit-jupiter-engine\5.7.0\junit-jupiter-engine-5.7.0.jar;D:\maven_work\repository\org\junit\platform\junit-platform-engine\1.7.0\junit-platform-engine-1.7.0.jar;D:\maven_work\repository\org\mockito\mockito-core\3.6.28\mockito-core-3.6.28.jar;D:\maven_work\repository\net\bytebuddy\byte-buddy\1.10.18\byte-buddy-1.10.18.jar;D:\maven_work\repository\net\bytebuddy\byte-buddy-agent\1.10.18\byte-buddy-agent-1.10.18.jar;D:\maven_work\repository\org\objenesis\objenesis\3.1\objenesis-3.1.jar;D:\maven_work\repository\org\mockito\mockito-junit-jupiter\3.6.28\mockito-junit-jupiter-3.6.28.jar;D:\maven_work\repository\org\skyscreamer\jsonassert\1.5.0\jsonassert-1.5.0.jar;D:\maven_work\repository\com\vaadin\external\google\android-json\0.0.20131108.vaadin1\android-json-0.0.20131108.vaadin1.jar;D:\maven_work\repository\org\springframework\spring-core\5.3.2\spring-core-5.3.2.jar;D:\maven_work\repository\org\springframework\spring-jcl\5.3.2\spring-jcl-5.3.2.jar;D:\maven_work\repository\org\springframework\spring-test\5.3.2\spring-test-5.3.2.jar;D:\maven_work\repository\org\xmlunit\xmlunit-core\2.7.0\xmlunit-core-2.7.0.jar;D:\maven_work\repository\org\springframework\boot\spring-boot-starter-data-jdbc\2.7.2\spring-boot-starter-data-jdbc-2.7.2.jar;D:\maven_work\repository\org\springframework\boot\spring-boot-starter-jdbc\2.4.1\spring-boot-starter-jdbc-2.4.1.jar;D:\maven_work\repository\com\zaxxer\HikariCP\3.4.5\HikariCP-3.4.5.jar;D:\maven_work\repository\org\springframework\spring-jdbc\5.3.2\spring-jdbc-5.3.2.jar;D:\maven_work\repository\org\springframework\data\spring-data-jdbc\2.1.2\spring-data-jdbc-2.1.2.jar;D:\maven_work\repository\org\springframework\data\spring-data-relational\2.1.2\spring-data-relational-2.1.2.jar;D:\maven_work\repository\org\springframework\data\spring-data-commons\2.4.2\spring-data-commons-2.4.2.jar;D:\maven_work\repository\org\springframework\spring-tx\5.3.2\spring-tx-5.3.2.jar;D:\maven_work\repository\mysql\mysql-connector-java\8.0.22\mysql-connector-java-8.0.22.jar;D:\maven_work\repository\org\springframework\boot\spring-boot-starter-data-jpa\2.4.1\spring-boot-starter-data-jpa-2.4.1.jar;D:\maven_work\repository\org\springframework\boot\spring-boot-starter-aop\2.4.1\spring-boot-starter-aop-2.4.1.jar;D:\maven_work\repository\org\aspectj\aspectjweaver\1.9.6\aspectjweaver-1.9.6.jar;D:\maven_work\repository\jakarta\transaction\jakarta.transaction-api\1.3.3\jakarta.transaction-api-1.3.3.jar;D:\maven_work\repository\jakarta\persistence\jakarta.persistence-api\2.2.3\jakarta.persistence-api-2.2.3.jar;D:\maven_work\repository\org\hibernate\hibernate-core\5.4.25.Final\hibernate-core-5.4.25.Final.jar;D:\maven_work\repository\org\jboss\logging\jboss-logging\3.4.1.Final\jboss-logging-3.4.1.Final.jar;D:\maven_work\repository\org\javassist\javassist\3.27.0-GA\javassist-3.27.0-GA.jar;D:\maven_work\repository\antlr\antlr\2.7.7\antlr-2.7.7.jar;D:\maven_work\repository\org\jboss\jandex\2.1.3.Final\jandex-2.1.3.Final.jar;D:\maven_work\repository\com\fasterxml\classmate\1.5.1\classmate-1.5.1.jar;D:\maven_work\repository\org\dom4j\dom4j\2.1.3\dom4j-2.1.3.jar;D:\maven_work\repository\org\hibernate\common\hibernate-commons-annotations\5.1.2.Final\hibernate-commons-annotations-5.1.2.Final.jar;D:\maven_work\repository\org\glassfish\jaxb\jaxb-runtime\2.3.3\jaxb-runtime-2.3.3.jar;D:\maven_work\repository\org\glassfish\jaxb\txw2\2.3.3\txw2-2.3.3.jar;D:\maven_work\repository\com\sun\istack\istack-commons-runtime\3.0.11\istack-commons-runtime-3.0.11.jar;D:\maven_work\repository\com\sun\activation\jakarta.activation\1.2.2\jakarta.activation-1.2.2.jar;D:\maven_work\repository\org\springframework\data\spring-data-jpa\2.4.2\spring-data-jpa-2.4.2.jar;D:\maven_work\repository\org\springframework\spring-orm\5.3.2\spring-orm-5.3.2.jar;D:\maven_work\repository\org\springframework\spring-aspects\5.3.2\spring-aspects-5.3.2.jar;D:\maven_work\repository\org\projectlombok\lombok\1.18.16\lombok-1.18.16.jar;D:\maven_work\repository\com\baomidou\mybatis-plus-boot-starter\3.4.1\mybatis-plus-boot-starter-3.4.1.jar;D:\maven_work\repository\com\baomidou\mybatis-plus\3.4.1\mybatis-plus-3.4.1.jar;D:\maven_work\repository\com\baomidou\mybatis-plus-extension\3.4.1\mybatis-plus-extension-3.4.1.jar;D:\maven_work\repository\com\baomidou\mybatis-plus-core\3.4.1\mybatis-plus-core-3.4.1.jar;D:\maven_work\repository\com\baomidou\mybatis-plus-annotation\3.4.1\mybatis-plus-annotation-3.4.1.jar;D:\maven_work\repository\com\github\jsqlparser\jsqlparser\3.2\jsqlparser-3.2.jar;D:\maven_work\repository\org\mybatis\mybatis\3.5.6\mybatis-3.5.6.jar;D:\maven_work\repository\org\mybatis\mybatis-spring\2.0.5\mybatis-spring-2.0.5.jar;D:\maven_work\repository\org\springframework\boot\spring-boot-autoconfigure\2.4.1\spring-boot-autoconfigure-2.4.1.jar;D:\maven_work\repository\io\jsonwebtoken\jjwt\0.9.1\jjwt-0.9.1.jar;D:\maven_work\repository\com\fasterxml\jackson\core\jackson-databind\2.11.3\jackson-databind-2.11.3.jar;D:\maven_work\repository\com\fasterxml\jackson\core\jackson-annotations\2.11.3\jackson-annotations-2.11.3.jar;D:\maven_work\repository\com\fasterxml\jackson\core\jackson-core\2.11.3\jackson-core-2.11.3.jar;D:\maven_work\repository\com\github\xiaoymin\knife4j-spring-boot-starter\3.0.2\knife4j-spring-boot-starter-3.0.2.jar;D:\maven_work\repository\com\github\xiaoymin\knife4j-spring-boot-autoconfigure\3.0.2\knife4j-spring-boot-autoconfigure-3.0.2.jar;D:\maven_work\repository\com\github\xiaoymin\knife4j-spring\3.0.2\knife4j-spring-3.0.2.jar;D:\maven_work\repository\com\github\xiaoymin\knife4j-annotations\3.0.2\knife4j-annotations-3.0.2.jar;D:\maven_work\repository\io\swagger\swagger-annotations\1.5.22\swagger-annotations-1.5.22.jar;D:\maven_work\repository\io\swagger\core\v3\swagger-annotations\2.1.2\swagger-annotations-2.1.2.jar;D:\maven_work\repository\com\github\xiaoymin\knife4j-core\3.0.2\knife4j-core-3.0.2.jar;D:\maven_work\repository\io\springfox\springfox-swagger2\3.0.0\springfox-swagger2-3.0.0.jar;D:\maven_work\repository\io\springfox\springfox-spi\3.0.0\springfox-spi-3.0.0.jar;D:\maven_work\repository\io\springfox\springfox-schema\3.0.0\springfox-schema-3.0.0.jar;D:\maven_work\repository\io\springfox\springfox-swagger-common\3.0.0\springfox-swagger-common-3.0.0.jar;D:\maven_work\repository\io\springfox\springfox-spring-web\3.0.0\springfox-spring-web-3.0.0.jar;D:\maven_work\repository\io\github\classgraph\classgraph\4.8.83\classgraph-4.8.83.jar;D:\maven_work\repository\io\springfox\springfox-spring-webflux\3.0.0\springfox-spring-webflux-3.0.0.jar;D:\maven_work\repository\org\mapstruct\mapstruct\1.3.1.Final\mapstruct-1.3.1.Final.jar;D:\maven_work\repository\io\springfox\springfox-spring-webmvc\3.0.0\springfox-spring-webmvc-3.0.0.jar;D:\maven_work\repository\io\springfox\springfox-core\3.0.0\springfox-core-3.0.0.jar;D:\maven_work\repository\io\springfox\springfox-oas\3.0.0\springfox-oas-3.0.0.jar;D:\maven_work\repository\io\swagger\core\v3\swagger-models\2.1.2\swagger-models-2.1.2.jar;D:\maven_work\repository\io\springfox\springfox-bean-validators\3.0.0\springfox-bean-validators-3.0.0.jar;D:\maven_work\repository\io\swagger\swagger-models\1.5.22\swagger-models-1.5.22.jar;D:\maven_work\repository\io\swagger\swagger-core\1.5.22\swagger-core-1.5.22.jar;D:\maven_work\repository\org\apache\commons\commons-lang3\3.11\commons-lang3-3.11.jar;D:\maven_work\repository\com\fasterxml\jackson\dataformat\jackson-dataformat-yaml\2.11.3\jackson-dataformat-yaml-2.11.3.jar;D:\maven_work\repository\com\google\guava\guava\27.0.1-android\guava-27.0.1-android.jar;D:\maven_work\repository\com\google\guava\failureaccess\1.0.1\failureaccess-1.0.1.jar;D:\maven_work\repository\com\google\guava\listenablefuture\9999.0-empty-to-avoid-conflict-with-guava\listenablefuture-9999.0-empty-to-avoid-conflict-with-guava.jar;D:\maven_work\repository\com\google\code\findbugs\jsr305\3.0.2\jsr305-3.0.2.jar;D:\maven_work\repository\org\checkerframework\checker-compat-qual\2.5.2\checker-compat-qual-2.5.2.jar;D:\maven_work\repository\com\google\errorprone\error_prone_annotations\2.2.0\error_prone_annotations-2.2.0.jar;D:\maven_work\repository\com\google\j2objc\j2objc-annotations\1.1\j2objc-annotations-1.1.jar;D:\maven_work\repository\org\codehaus\mojo\animal-sniffer-annotations\1.17\animal-sniffer-annotations-1.17.jar;D:\maven_work\repository\javax\validation\validation-api\2.0.1.Final\validation-api-2.0.1.Final.jar;D:\maven_work\repository\io\springfox\springfox-boot-starter\3.0.0\springfox-boot-starter-3.0.0.jar;D:\maven_work\repository\io\springfox\springfox-data-rest\3.0.0\springfox-data-rest-3.0.0.jar;D:\maven_work\repository\org\springframework\plugin\spring-plugin-core\2.0.0.RELEASE\spring-plugin-core-2.0.0.RELEASE.jar;D:\maven_work\repository\org\springframework\plugin\spring-plugin-metadata\2.0.0.RELEASE\spring-plugin-metadata-2.0.0.RELEASE.jar;D:\maven_work\repository\com\github\xiaoymin\knife4j-spring-ui\3.0.2\knife4j-spring-ui-3.0.2.jar;D:\maven_work\repository\org\springframework\boot\spring-boot-configuration-processor\2.4.1\spring-boot-configuration-processor-2.4.1.jar;"/>
    <property name="java.vm.vendor" value="Oracle Corporation"/>
    <property name="sun.arch.data.model" value="64"/>
    <property name="user.variant" value=""/>
    <property name="java.vendor.url" value="http://java.oracle.com/"/>
    <property name="user.timezone" value="Asia/Shanghai"/>
    <property name="java.vm.specification.version" value="1.8"/>
    <property name="os.name" value="Windows 10"/>
    <property name="user.country" value="CN"/>
    <property name="sun.java.launcher" value="SUN_STANDARD"/>
    <property name="sun.boot.library.path" value="D:\JAVA\jre\bin"/>
    <property name="sun.java.command" value="D:\windows\userTemp\surefire4584977761057353873\surefirebooter6839312556809106556.jar D:\windows\userTemp\surefire4584977761057353873 2022-09-14T23-28-56_399-jvmRun1 surefire5657666859484318416tmp surefire_03319617354989505372tmp"/>
    <property name="surefire.test.class.path" value="D:\Project\LanqNetdisk\target\test-classes;D:\Project\LanqNetdisk\target\classes;D:\maven_work\repository\org\springframework\boot\spring-boot-starter-web\2.4.1\spring-boot-starter-web-2.4.1.jar;D:\maven_work\repository\org\springframework\boot\spring-boot-starter\2.4.1\spring-boot-starter-2.4.1.jar;D:\maven_work\repository\org\springframework\boot\spring-boot\2.4.1\spring-boot-2.4.1.jar;D:\maven_work\repository\org\springframework\boot\spring-boot-starter-logging\2.4.1\spring-boot-starter-logging-2.4.1.jar;D:\maven_work\repository\ch\qos\logback\logback-classic\1.2.3\logback-classic-1.2.3.jar;D:\maven_work\repository\ch\qos\logback\logback-core\1.2.3\logback-core-1.2.3.jar;D:\maven_work\repository\org\apache\logging\log4j\log4j-to-slf4j\2.13.3\log4j-to-slf4j-2.13.3.jar;D:\maven_work\repository\org\apache\logging\log4j\log4j-api\2.13.3\log4j-api-2.13.3.jar;D:\maven_work\repository\org\slf4j\jul-to-slf4j\1.7.30\jul-to-slf4j-1.7.30.jar;D:\maven_work\repository\jakarta\annotation\jakarta.annotation-api\1.3.5\jakarta.annotation-api-1.3.5.jar;D:\maven_work\repository\org\yaml\snakeyaml\1.27\snakeyaml-1.27.jar;D:\maven_work\repository\org\springframework\boot\spring-boot-starter-json\2.4.1\spring-boot-starter-json-2.4.1.jar;D:\maven_work\repository\com\fasterxml\jackson\datatype\jackson-datatype-jdk8\2.11.3\jackson-datatype-jdk8-2.11.3.jar;D:\maven_work\repository\com\fasterxml\jackson\datatype\jackson-datatype-jsr310\2.11.3\jackson-datatype-jsr310-2.11.3.jar;D:\maven_work\repository\com\fasterxml\jackson\module\jackson-module-parameter-names\2.11.3\jackson-module-parameter-names-2.11.3.jar;D:\maven_work\repository\org\springframework\boot\spring-boot-starter-tomcat\2.4.1\spring-boot-starter-tomcat-2.4.1.jar;D:\maven_work\repository\org\apache\tomcat\embed\tomcat-embed-core\9.0.41\tomcat-embed-core-9.0.41.jar;D:\maven_work\repository\org\glassfish\jakarta.el\3.0.3\jakarta.el-3.0.3.jar;D:\maven_work\repository\org\apache\tomcat\embed\tomcat-embed-websocket\9.0.41\tomcat-embed-websocket-9.0.41.jar;D:\maven_work\repository\org\springframework\spring-web\5.3.2\spring-web-5.3.2.jar;D:\maven_work\repository\org\springframework\spring-beans\5.3.2\spring-beans-5.3.2.jar;D:\maven_work\repository\org\springframework\spring-webmvc\5.3.2\spring-webmvc-5.3.2.jar;D:\maven_work\repository\org\springframework\spring-aop\5.3.2\spring-aop-5.3.2.jar;D:\maven_work\repository\org\springframework\spring-context\5.3.2\spring-context-5.3.2.jar;D:\maven_work\repository\org\springframework\spring-expression\5.3.2\spring-expression-5.3.2.jar;D:\maven_work\repository\org\springframework\boot\spring-boot-starter-test\2.4.1\spring-boot-starter-test-2.4.1.jar;D:\maven_work\repository\org\springframework\boot\spring-boot-test\2.4.1\spring-boot-test-2.4.1.jar;D:\maven_work\repository\org\springframework\boot\spring-boot-test-autoconfigure\2.4.1\spring-boot-test-autoconfigure-2.4.1.jar;D:\maven_work\repository\com\jayway\jsonpath\json-path\2.4.0\json-path-2.4.0.jar;D:\maven_work\repository\net\minidev\json-smart\2.3\json-smart-2.3.jar;D:\maven_work\repository\net\minidev\accessors-smart\1.2\accessors-smart-1.2.jar;D:\maven_work\repository\org\ow2\asm\asm\5.0.4\asm-5.0.4.jar;D:\maven_work\repository\org\slf4j\slf4j-api\1.7.30\slf4j-api-1.7.30.jar;D:\maven_work\repository\jakarta\xml\bind\jakarta.xml.bind-api\2.3.3\jakarta.xml.bind-api-2.3.3.jar;D:\maven_work\repository\jakarta\activation\jakarta.activation-api\1.2.2\jakarta.activation-api-1.2.2.jar;D:\maven_work\repository\org\assertj\assertj-core\3.18.1\assertj-core-3.18.1.jar;D:\maven_work\repository\org\hamcrest\hamcrest\2.2\hamcrest-2.2.jar;D:\maven_work\repository\org\junit\jupiter\junit-jupiter\5.7.0\junit-jupiter-5.7.0.jar;D:\maven_work\repository\org\junit\jupiter\junit-jupiter-api\5.7.0\junit-jupiter-api-5.7.0.jar;D:\maven_work\repository\org\apiguardian\apiguardian-api\1.1.0\apiguardian-api-1.1.0.jar;D:\maven_work\repository\org\opentest4j\opentest4j\1.2.0\opentest4j-1.2.0.jar;D:\maven_work\repository\org\junit\platform\junit-platform-commons\1.7.0\junit-platform-commons-1.7.0.jar;D:\maven_work\repository\org\junit\jupiter\junit-jupiter-params\5.7.0\junit-jupiter-params-5.7.0.jar;D:\maven_work\repository\org\junit\jupiter\junit-jupiter-engine\5.7.0\junit-jupiter-engine-5.7.0.jar;D:\maven_work\repository\org\junit\platform\junit-platform-engine\1.7.0\junit-platform-engine-1.7.0.jar;D:\maven_work\repository\org\mockito\mockito-core\3.6.28\mockito-core-3.6.28.jar;D:\maven_work\repository\net\bytebuddy\byte-buddy\1.10.18\byte-buddy-1.10.18.jar;D:\maven_work\repository\net\bytebuddy\byte-buddy-agent\1.10.18\byte-buddy-agent-1.10.18.jar;D:\maven_work\repository\org\objenesis\objenesis\3.1\objenesis-3.1.jar;D:\maven_work\repository\org\mockito\mockito-junit-jupiter\3.6.28\mockito-junit-jupiter-3.6.28.jar;D:\maven_work\repository\org\skyscreamer\jsonassert\1.5.0\jsonassert-1.5.0.jar;D:\maven_work\repository\com\vaadin\external\google\android-json\0.0.20131108.vaadin1\android-json-0.0.20131108.vaadin1.jar;D:\maven_work\repository\org\springframework\spring-core\5.3.2\spring-core-5.3.2.jar;D:\maven_work\repository\org\springframework\spring-jcl\5.3.2\spring-jcl-5.3.2.jar;D:\maven_work\repository\org\springframework\spring-test\5.3.2\spring-test-5.3.2.jar;D:\maven_work\repository\org\xmlunit\xmlunit-core\2.7.0\xmlunit-core-2.7.0.jar;D:\maven_work\repository\org\springframework\boot\spring-boot-starter-data-jdbc\2.7.2\spring-boot-starter-data-jdbc-2.7.2.jar;D:\maven_work\repository\org\springframework\boot\spring-boot-starter-jdbc\2.4.1\spring-boot-starter-jdbc-2.4.1.jar;D:\maven_work\repository\com\zaxxer\HikariCP\3.4.5\HikariCP-3.4.5.jar;D:\maven_work\repository\org\springframework\spring-jdbc\5.3.2\spring-jdbc-5.3.2.jar;D:\maven_work\repository\org\springframework\data\spring-data-jdbc\2.1.2\spring-data-jdbc-2.1.2.jar;D:\maven_work\repository\org\springframework\data\spring-data-relational\2.1.2\spring-data-relational-2.1.2.jar;D:\maven_work\repository\org\springframework\data\spring-data-commons\2.4.2\spring-data-commons-2.4.2.jar;D:\maven_work\repository\org\springframework\spring-tx\5.3.2\spring-tx-5.3.2.jar;D:\maven_work\repository\mysql\mysql-connector-java\8.0.22\mysql-connector-java-8.0.22.jar;D:\maven_work\repository\org\springframework\boot\spring-boot-starter-data-jpa\2.4.1\spring-boot-starter-data-jpa-2.4.1.jar;D:\maven_work\repository\org\springframework\boot\spring-boot-starter-aop\2.4.1\spring-boot-starter-aop-2.4.1.jar;D:\maven_work\repository\org\aspectj\aspectjweaver\1.9.6\aspectjweaver-1.9.6.jar;D:\maven_work\repository\jakarta\transaction\jakarta.transaction-api\1.3.3\jakarta.transaction-api-1.3.3.jar;D:\maven_work\repository\jakarta\persistence\jakarta.persistence-api\2.2.3\jakarta.persistence-api-2.2.3.jar;D:\maven_work\repository\org\hibernate\hibernate-core\5.4.25.Final\hibernate-core-5.4.25.Final.jar;D:\maven_work\repository\org\jboss\logging\jboss-logging\3.4.1.Final\jboss-logging-3.4.1.Final.jar;D:\maven_work\repository\org\javassist\javassist\3.27.0-GA\javassist-3.27.0-GA.jar;D:\maven_work\repository\antlr\antlr\2.7.7\antlr-2.7.7.jar;D:\maven_work\repository\org\jboss\jandex\2.1.3.Final\jandex-2.1.3.Final.jar;D:\maven_work\repository\com\fasterxml\classmate\1.5.1\classmate-1.5.1.jar;D:\maven_work\repository\org\dom4j\dom4j\2.1.3\dom4j-2.1.3.jar;D:\maven_work\repository\org\hibernate\common\hibernate-commons-annotations\5.1.2.Final\hibernate-commons-annotations-5.1.2.Final.jar;D:\maven_work\repository\org\glassfish\jaxb\jaxb-runtime\2.3.3\jaxb-runtime-2.3.3.jar;D:\maven_work\repository\org\glassfish\jaxb\txw2\2.3.3\txw2-2.3.3.jar;D:\maven_work\repository\com\sun\istack\istack-commons-runtime\3.0.11\istack-commons-runtime-3.0.11.jar;D:\maven_work\repository\com\sun\activation\jakarta.activation\1.2.2\jakarta.activation-1.2.2.jar;D:\maven_work\repository\org\springframework\data\spring-data-jpa\2.4.2\spring-data-jpa-2.4.2.jar;D:\maven_work\repository\org\springframework\spring-orm\5.3.2\spring-orm-5.3.2.jar;D:\maven_work\repository\org\springframework\spring-aspects\5.3.2\spring-aspects-5.3.2.jar;D:\maven_work\repository\org\projectlombok\lombok\1.18.16\lombok-1.18.16.jar;D:\maven_work\repository\com\baomidou\mybatis-plus-boot-starter\3.4.1\mybatis-plus-boot-starter-3.4.1.jar;D:\maven_work\repository\com\baomidou\mybatis-plus\3.4.1\mybatis-plus-3.4.1.jar;D:\maven_work\repository\com\baomidou\mybatis-plus-extension\3.4.1\mybatis-plus-extension-3.4.1.jar;D:\maven_work\repository\com\baomidou\mybatis-plus-core\3.4.1\mybatis-plus-core-3.4.1.jar;D:\maven_work\repository\com\baomidou\mybatis-plus-annotation\3.4.1\mybatis-plus-annotation-3.4.1.jar;D:\maven_work\repository\com\github\jsqlparser\jsqlparser\3.2\jsqlparser-3.2.jar;D:\maven_work\repository\org\mybatis\mybatis\3.5.6\mybatis-3.5.6.jar;D:\maven_work\repository\org\mybatis\mybatis-spring\2.0.5\mybatis-spring-2.0.5.jar;D:\maven_work\repository\org\springframework\boot\spring-boot-autoconfigure\2.4.1\spring-boot-autoconfigure-2.4.1.jar;D:\maven_work\repository\io\jsonwebtoken\jjwt\0.9.1\jjwt-0.9.1.jar;D:\maven_work\repository\com\fasterxml\jackson\core\jackson-databind\2.11.3\jackson-databind-2.11.3.jar;D:\maven_work\repository\com\fasterxml\jackson\core\jackson-annotations\2.11.3\jackson-annotations-2.11.3.jar;D:\maven_work\repository\com\fasterxml\jackson\core\jackson-core\2.11.3\jackson-core-2.11.3.jar;D:\maven_work\repository\com\github\xiaoymin\knife4j-spring-boot-starter\3.0.2\knife4j-spring-boot-starter-3.0.2.jar;D:\maven_work\repository\com\github\xiaoymin\knife4j-spring-boot-autoconfigure\3.0.2\knife4j-spring-boot-autoconfigure-3.0.2.jar;D:\maven_work\repository\com\github\xiaoymin\knife4j-spring\3.0.2\knife4j-spring-3.0.2.jar;D:\maven_work\repository\com\github\xiaoymin\knife4j-annotations\3.0.2\knife4j-annotations-3.0.2.jar;D:\maven_work\repository\io\swagger\swagger-annotations\1.5.22\swagger-annotations-1.5.22.jar;D:\maven_work\repository\io\swagger\core\v3\swagger-annotations\2.1.2\swagger-annotations-2.1.2.jar;D:\maven_work\repository\com\github\xiaoymin\knife4j-core\3.0.2\knife4j-core-3.0.2.jar;D:\maven_work\repository\io\springfox\springfox-swagger2\3.0.0\springfox-swagger2-3.0.0.jar;D:\maven_work\repository\io\springfox\springfox-spi\3.0.0\springfox-spi-3.0.0.jar;D:\maven_work\repository\io\springfox\springfox-schema\3.0.0\springfox-schema-3.0.0.jar;D:\maven_work\repository\io\springfox\springfox-swagger-common\3.0.0\springfox-swagger-common-3.0.0.jar;D:\maven_work\repository\io\springfox\springfox-spring-web\3.0.0\springfox-spring-web-3.0.0.jar;D:\maven_work\repository\io\github\classgraph\classgraph\4.8.83\classgraph-4.8.83.jar;D:\maven_work\repository\io\springfox\springfox-spring-webflux\3.0.0\springfox-spring-webflux-3.0.0.jar;D:\maven_work\repository\org\mapstruct\mapstruct\1.3.1.Final\mapstruct-1.3.1.Final.jar;D:\maven_work\repository\io\springfox\springfox-spring-webmvc\3.0.0\springfox-spring-webmvc-3.0.0.jar;D:\maven_work\repository\io\springfox\springfox-core\3.0.0\springfox-core-3.0.0.jar;D:\maven_work\repository\io\springfox\springfox-oas\3.0.0\springfox-oas-3.0.0.jar;D:\maven_work\repository\io\swagger\core\v3\swagger-models\2.1.2\swagger-models-2.1.2.jar;D:\maven_work\repository\io\springfox\springfox-bean-validators\3.0.0\springfox-bean-validators-3.0.0.jar;D:\maven_work\repository\io\swagger\swagger-models\1.5.22\swagger-models-1.5.22.jar;D:\maven_work\repository\io\swagger\swagger-core\1.5.22\swagger-core-1.5.22.jar;D:\maven_work\repository\org\apache\commons\commons-lang3\3.11\commons-lang3-3.11.jar;D:\maven_work\repository\com\fasterxml\jackson\dataformat\jackson-dataformat-yaml\2.11.3\jackson-dataformat-yaml-2.11.3.jar;D:\maven_work\repository\com\google\guava\guava\27.0.1-android\guava-27.0.1-android.jar;D:\maven_work\repository\com\google\guava\failureaccess\1.0.1\failureaccess-1.0.1.jar;D:\maven_work\repository\com\google\guava\listenablefuture\9999.0-empty-to-avoid-conflict-with-guava\listenablefuture-9999.0-empty-to-avoid-conflict-with-guava.jar;D:\maven_work\repository\com\google\code\findbugs\jsr305\3.0.2\jsr305-3.0.2.jar;D:\maven_work\repository\org\checkerframework\checker-compat-qual\2.5.2\checker-compat-qual-2.5.2.jar;D:\maven_work\repository\com\google\errorprone\error_prone_annotations\2.2.0\error_prone_annotations-2.2.0.jar;D:\maven_work\repository\com\google\j2objc\j2objc-annotations\1.1\j2objc-annotations-1.1.jar;D:\maven_work\repository\org\codehaus\mojo\animal-sniffer-annotations\1.17\animal-sniffer-annotations-1.17.jar;D:\maven_work\repository\javax\validation\validation-api\2.0.1.Final\validation-api-2.0.1.Final.jar;D:\maven_work\repository\io\springfox\springfox-boot-starter\3.0.0\springfox-boot-starter-3.0.0.jar;D:\maven_work\repository\io\springfox\springfox-data-rest\3.0.0\springfox-data-rest-3.0.0.jar;D:\maven_work\repository\org\springframework\plugin\spring-plugin-core\2.0.0.RELEASE\spring-plugin-core-2.0.0.RELEASE.jar;D:\maven_work\repository\org\springframework\plugin\spring-plugin-metadata\2.0.0.RELEASE\spring-plugin-metadata-2.0.0.RELEASE.jar;D:\maven_work\repository\com\github\xiaoymin\knife4j-spring-ui\3.0.2\knife4j-spring-ui-3.0.2.jar;D:\maven_work\repository\org\springframework\boot\spring-boot-configuration-processor\2.4.1\spring-boot-configuration-processor-2.4.1.jar;"/>
    <property name="sun.cpu.endian" value="little"/>
    <property name="user.home" value="C:\Users\BOSHUN"/>
    <property name="user.language" value="zh"/>
    <property name="java.specification.vendor" value="Oracle Corporation"/>
    <property name="java.home" value="D:\JAVA\jre"/>
    <property name="basedir" value="D:\Project\LanqNetdisk"/>
    <property name="file.separator" value="\"/>
    <property name="line.separator" value="&#10;"/>
    <property name="java.vm.specification.vendor" value="Oracle Corporation"/>
    <property name="java.specification.name" value="Java Platform API Specification"/>
    <property name="java.awt.graphicsenv" value="sun.awt.Win32GraphicsEnvironment"/>
    <property name="surefire.real.class.path" value="D:\windows\userTemp\surefire4584977761057353873\surefirebooter6839312556809106556.jar"/>
    <property name="sun.boot.class.path" value="D:\JAVA\jre\lib\resources.jar;D:\JAVA\jre\lib\rt.jar;D:\JAVA\jre\lib\sunrsasign.jar;D:\JAVA\jre\lib\jsse.jar;D:\JAVA\jre\lib\jce.jar;D:\JAVA\jre\lib\charsets.jar;D:\JAVA\jre\lib\jfr.jar;D:\JAVA\jre\classes"/>
    <property name="user.script" value=""/>
    <property name="sun.management.compiler" value="HotSpot 64-Bit Tiered Compilers"/>
    <property name="java.runtime.version" value="1.8.0_261-b12"/>
    <property name="user.name" value="BOSHUN"/>
    <property name="path.separator" value=";"/>
    <property name="os.version" value="10.0"/>
    <property name="java.endorsed.dirs" value="D:\JAVA\jre\lib\endorsed"/>
    <property name="java.runtime.name" value="Java(TM) SE Runtime Environment"/>
    <property name="file.encoding" value="GBK"/>
    <property name="java.vm.name" value="Java HotSpot(TM) 64-Bit Server VM"/>
    <property name="localRepository" value="D:\maven_work\repository"/>
    <property name="java.vendor.url.bug" value="http://bugreport.sun.com/bugreport/"/>
    <property name="java.io.tmpdir" value="D:\windows\userTemp\"/>
    <property name="java.version" value="1.8.0_261"/>
    <property name="user.dir" value="D:\Project\LanqNetdisk"/>
    <property name="os.arch" value="amd64"/>
    <property name="java.vm.specification.name" value="Java Virtual Machine Specification"/>
    <property name="java.awt.printerjob" value="sun.awt.windows.WPrinterJob"/>
    <property name="sun.os.patch.level" value=""/>
    <property name="java.library.path" value="D:\JAVA\jre\bin;C:\WINDOWS\Sun\Java\bin;C:\WINDOWS\system32;C:\WINDOWS;C:\Python310\Scripts\;C:\Python310\;C:\Program Files (x86)\Common Files\Oracle\Java\javapath;C:\Windows\system32;C:\Windows;C:\Windows\System32\Wbem;C:\Windows\System32\WindowsPowerShell\v1.0\;C:\Windows\System32\OpenSSH\;C:\Program Files (x86)\NVIDIA Corporation\PhysX\Common;C:\Program Files\NVIDIA Corporation\NVIDIA NvDLISR;C:\Program Files\Intel\WiFi\bin\;C:\Program Files\Common Files\Intel\WirelessCommon\;C:\Program Files (x86)\Intel\Intel(R) Management Engine Components\DAL;C:\Program Files\Intel\Intel(R) Management Engine Components\DAL;C:\Program Files\Microsoft SQL Server\120\Tools\Binn\;C:\Program Files\Microsoft SQL Server\130\Tools\Binn\;C:\Program Files\Microsoft SQL Server\110\Tools\Binn\;C:\Users\BOSHUN\AppData\Local\Microsoft\WindowsApps;D:\mysql-8.0.21-winx64\bin;C:\WINDOWS\system32;C:\WINDOWS;C:\WINDOWS\System32\Wbem;C:\WINDOWS\System32\WindowsPowerShell\v1.0\;C:\WINDOWS\System32\OpenSSH\;D:\JAVA\bin;D:\JAVA\jre\bin;D:\maven_work\apache-maven-3.6.1\bin;D:\programing_tools\Git\cmd;D:\nodejs\;C:\ProgramData\chocolatey\bin;C:\Users\BOSHUN\AppData\Local\Microsoft\WindowsApps;C:\Program Files\Intel\WiFi\bin\;C:\Program Files\Common Files\Intel\WirelessCommon\;%IntelliJ IDEA Community Edition%;D:\mysql-8.0.21-winx64\bin\bin;D:\Microsoft VS Code\Microsoft VS Code\bin;D:\nodejs\node_global;;."/>
    <property name="java.vm.info" value="mixed mode"/>
    <property name="java.vendor" value="Oracle Corporation"/>
    <property name="java.vm.version" value="25.261-b12"/>
    <property name="java.ext.dirs" value="D:\JAVA\jre\lib\ext;C:\WINDOWS\Sun\Java\lib\ext"/>
    <property name="sun.io.unicode.encoding" value="UnicodeLittle"/>
    <property name="java.class.version" value="52.0"/>
  </properties>
  <testcase name="testmd5DigestAsHex" classname="com.lanqiao.netdisk.ApplicationTest" time="0.108"/>
  <testcase name="test1" classname="com.lanqiao.netdisk.ApplicationTest" time="0.277"/>
  <testcase name="test2" classname="com.lanqiao.netdisk.ApplicationTest" time="0.14"/>
  <testcase name="test3" classname="com.lanqiao.netdisk.ApplicationTest" time="0.005"/>
</testsuite>